TN:
SF:prueba1\prueba1.js
FN:3,tablaMultiplicar
FNF:1
FNH:1
FNDA:1,tablaMultiplicar
DA:1,1
DA:2,1
DA:3,1
DA:4,1
DA:5,1
DA:6,1
DA:7,1
DA:8,1
DA:9,10
DA:10,10
DA:11,10
DA:12,10
DA:13,10
DA:14,1
DA:15,1
DA:16,1
DA:17,1
DA:18,1
DA:19,1
LF:19
LH:19
BRDA:3,0,0,1
BRDA:8,1,0,10
BRF:2
BRH:2
end_of_record
TN:
SF:prueba10\prueba10.js
FN:3,escalera
FNF:1
FNH:1
FNDA:1,escalera
DA:1,1
DA:2,1
DA:3,1
DA:4,1
DA:5,1
DA:6,1
DA:7,5
DA:8,5
DA:9,5
DA:10,15
DA:11,5
DA:12,5
DA:13,5
DA:14,1
DA:15,1
DA:16,1
DA:17,1
DA:18,1
DA:19,1
LF:19
LH:19
BRDA:3,0,0,1
BRDA:6,1,0,5
BRDA:9,2,0,15
BRF:3
BRH:3
end_of_record
TN:
SF:prueba11\prueba11.js
FN:3,censurado
FNF:1
FNH:1
FNDA:3,censurado
DA:1,1
DA:2,1
DA:3,3
DA:4,3
DA:5,3
DA:6,3
DA:7,0
DA:8,3
DA:9,1
DA:10,3
DA:11,1
DA:12,1
DA:13,1
DA:14,3
DA:15,3
DA:16,3
DA:17,1
DA:18,1
DA:19,1
LF:19
LH:18
BRDA:3,0,0,3
BRDA:6,1,0,1
BRDA:6,2,0,0
BRDA:8,3,0,1
BRDA:8,4,0,1
BRDA:10,5,0,2
BRDA:10,6,0,1
BRF:7
BRH:6
end_of_record
TN:
SF:prueba12\prueba12.js
FN:3,hastaCero
FNF:1
FNH:1
FNDA:1,hastaCero
DA:1,1
DA:2,1
DA:3,1
DA:4,1
DA:5,1
DA:6,1
DA:7,13
DA:8,13
DA:9,1
DA:10,1
DA:11,1
DA:12,1
DA:13,1
DA:14,1
LF:14
LH:14
BRDA:3,0,0,1
BRDA:6,1,0,13
BRF:2
BRH:2
end_of_record
TN:
SF:prueba13\prueba13.js
FN:3,divideArray
FNF:1
FNH:1
FNDA:1,divideArray
DA:1,1
DA:2,1
DA:3,1
DA:4,1
DA:5,1
DA:6,1
DA:7,4
DA:8,4
DA:9,4
DA:10,2
DA:11,2
DA:12,2
DA:13,4
DA:14,1
DA:15,1
DA:16,1
DA:17,1
DA:18,1
DA:19,1
LF:19
LH:19
BRDA:3,0,0,1
BRDA:6,1,0,4
BRDA:9,2,0,3
BRDA:9,3,0,2
BRF:4
BRH:4
end_of_record
TN:
SF:prueba14\prueba14.js
FN:3,repite
FN:15,Object.<anonymous>.String.repiteme
FNF:2
FNH:1
FNDA:1,repite
FNDA:0,Object.<anonymous>.String.repiteme
DA:1,1
DA:2,1
DA:3,1
DA:4,1
DA:5,1
DA:6,1
DA:7,2
DA:8,1
DA:9,1
DA:10,1
DA:11,1
DA:12,1
DA:13,1
DA:14,1
DA:15,1
DA:16,0
DA:17,0
DA:18,0
DA:19,0
DA:20,0
DA:21,0
DA:22,0
DA:23,0
DA:24,1
DA:25,1
LF:25
LH:17
BRDA:3,0,0,1
BRDA:6,1,0,2
BRF:2
BRH:2
end_of_record
TN:
SF:prueba15\prueba15.js
FN:3,masUsado
FNF:1
FNH:1
FNDA:1,masUsado
DA:1,1
DA:2,1
DA:3,1
DA:4,1
DA:5,1
DA:6,1
DA:7,1
DA:8,1
DA:9,16
DA:10,16
DA:11,9
DA:12,16
DA:13,7
DA:14,16
DA:15,1
DA:16,1
DA:17,1
DA:18,9
DA:19,3
DA:20,3
DA:21,9
DA:22,1
DA:23,1
DA:24,1
DA:25,1
DA:26,1
DA:27,1
DA:28,1
LF:28
LH:28
BRDA:3,0,0,1
BRDA:8,1,0,16
BRDA:10,2,0,9
BRDA:12,3,0,7
BRDA:17,4,0,9
BRDA:18,5,0,3
BRF:6
BRH:6
end_of_record
TN:
SF:prueba2\prueba2.js
FN:3,palindromo
FNF:1
FNH:1
FNDA:2,palindromo
DA:1,1
DA:2,1
DA:3,2
DA:4,2
DA:5,2
DA:6,2
DA:7,2
DA:8,2
DA:9,2
DA:10,2
DA:11,2
DA:12,2
DA:13,2
DA:14,2
DA:15,1
DA:16,1
DA:17,1
DA:18,2
DA:19,1
DA:20,1
DA:21,1
LF:21
LH:21
BRDA:3,0,0,2
BRDA:14,1,0,1
BRF:2
BRH:2
end_of_record
TN:
SF:prueba3\prueba3.js
FN:3,coincidencias
FNF:1
FNH:1
FNDA:1,coincidencias
DA:1,1
DA:2,1
DA:3,1
DA:4,1
DA:5,1
DA:6,1
DA:7,1
DA:8,1
DA:9,1
DA:10,1
DA:11,1
DA:12,1
DA:13,1
DA:14,1
DA:15,11
DA:16,2
DA:17,11
DA:18,1
DA:19,1
DA:20,1
DA:21,1
DA:22,1
DA:23,1
DA:24,1
LF:24
LH:24
BRDA:3,0,0,1
BRDA:14,1,0,11
BRDA:15,2,0,2
BRF:3
BRH:3
end_of_record
TN:
SF:prueba4\prueba4.js
FN:3,invertir
FNF:1
FNH:1
FNDA:1,invertir
DA:1,1
DA:2,1
DA:3,1
DA:4,1
DA:5,1
DA:6,1
DA:7,1
DA:8,1
DA:9,4
DA:10,4
DA:11,1
DA:12,1
DA:13,1
DA:14,1
DA:15,1
DA:16,1
LF:16
LH:16
BRDA:3,0,0,1
BRDA:8,1,0,4
BRF:2
BRH:2
end_of_record
TN:
SF:prueba5\prueba5.js
FN:3,tantoPorCiento
FNF:1
FNH:1
FNDA:1,tantoPorCiento
DA:1,1
DA:2,1
DA:3,1
DA:4,1
DA:5,1
DA:6,1
DA:7,1
DA:8,1
DA:9,1
DA:10,1
DA:11,1
DA:12,1
DA:13,1
LF:13
LH:13
BRDA:3,0,0,1
BRF:1
BRH:1
end_of_record
TN:
SF:prueba6\prueba6.js
FN:3,lado
FN:13,cuadrado
FNF:2
FNH:2
FNDA:2,lado
FNDA:1,cuadrado
DA:1,1
DA:2,1
DA:3,2
DA:4,2
DA:5,2
DA:6,2
DA:7,8
DA:8,2
DA:9,2
DA:10,2
DA:11,1
DA:12,1
DA:13,1
DA:14,1
DA:15,1
DA:16,1
DA:17,1
DA:18,2
DA:19,2
DA:20,2
DA:21,4
DA:22,2
DA:23,2
DA:24,2
DA:25,2
DA:26,1
DA:27,1
DA:28,1
DA:29,1
DA:30,1
DA:31,1
DA:32,1
DA:33,1
LF:33
LH:33
BRDA:3,0,0,2
BRDA:6,1,0,8
BRDA:13,2,0,1
BRDA:17,3,0,2
BRDA:20,4,0,4
BRF:5
BRH:5
end_of_record
TN:
SF:prueba7\prueba7.js
FN:3,impares
FNF:1
FNH:1
FNDA:1,impares
DA:1,1
DA:2,1
DA:3,1
DA:4,1
DA:5,1
DA:6,1
DA:7,1
DA:8,99
DA:9,99
DA:10,99
DA:11,99
DA:12,1
DA:13,1
DA:14,1
DA:15,1
DA:16,1
DA:17,1
LF:17
LH:17
BRDA:3,0,0,1
BRDA:7,1,0,99
BRDA:11,2,0,49
BRF:3
BRH:3
end_of_record
TN:
SF:prueba8\prueba8.js
FN:3,invertirNumero
FNF:1
FNH:1
FNDA:1,invertirNumero
DA:1,1
DA:2,1
DA:3,1
DA:4,1
DA:5,1
DA:6,1
DA:7,1
DA:8,1
DA:9,1
DA:10,1
DA:11,1
DA:12,1
DA:13,1
DA:14,1
DA:15,1
DA:16,1
LF:16
LH:16
BRDA:3,0,0,1
BRF:1
BRH:1
end_of_record
TN:
SF:prueba9\prueba9.js
FN:3,elementosComunes
FNF:1
FNH:1
FNDA:1,elementosComunes
DA:1,1
DA:2,1
DA:3,1
DA:4,1
DA:5,1
DA:6,1
DA:7,1
DA:8,1
DA:9,1
DA:10,1
DA:11,1
LF:11
LH:11
BRDA:3,0,0,1
BRDA:5,1,0,4
BRF:2
BRH:2
end_of_record
